2025-12-14 20:36:04 - analyzer - INFO - Loaded 1417 courses from coursedic.json
2025-12-14 20:36:04 - analyzer - INFO - Calculated pp percentiles for 1341 courses
2025-12-14 20:36:04 - analyzer - INFO - Calculated avgp percentiles for 1117 courses
2025-12-14 20:36:04 - analyzer - INFO - Calculated qualityscore percentiles for 1197 courses
2025-12-14 20:36:04 - analyzer - INFO - Calculated workload percentiles for 1197 courses
2025-12-14 20:36:04 - analyzer - INFO - Calculated lazyscore percentiles for 1177 courses
2025-12-14 20:36:04 - analyzer - INFO - Final dataset contains 1417 courses with data
2025-12-14 20:36:04 - analyzer - INFO - Wrote extension data to extension/db/data.js
2025-12-14 20:36:04 - analyzer - INFO - Wrote formatted data to data.json
2025-12-14 20:36:04 - analyzer - INFO - Generated extension/db.html
2025-12-14 20:36:04 - analyzer - INFO - Generated extension/js/init_table.js
2025-12-14 20:36:04 - analyzer - INFO - Analysis complete!
2025-12-14 20:43:05 - analyzer - INFO - Loaded 1417 courses from coursedic.json
2025-12-14 20:43:05 - analyzer - INFO - Calculated pp percentiles for 1341 courses
2025-12-14 20:43:05 - analyzer - INFO - Calculated avgp percentiles for 1117 courses
2025-12-14 20:43:05 - analyzer - INFO - Calculated qualityscore percentiles for 1197 courses
2025-12-14 20:43:05 - analyzer - INFO - Calculated workload percentiles for 1197 courses
2025-12-14 20:43:05 - analyzer - INFO - Calculated lazyscore percentiles for 1177 courses
2025-12-14 20:43:05 - analyzer - INFO - Final dataset contains 1417 courses with data
2025-12-14 20:43:05 - analyzer - INFO - Wrote extension data to extension/db/data.js
2025-12-14 20:43:05 - analyzer - INFO - Wrote formatted data to data.json
2025-12-14 20:43:05 - analyzer - INFO - Generated extension/db.html
2025-12-14 20:43:05 - analyzer - INFO - Generated extension/js/init_table.js
2025-12-14 20:43:05 - analyzer - INFO - Analysis complete!
2025-12-14 20:50:15 - analyzer - INFO - Loaded 1417 courses from coursedic.json
2025-12-14 20:50:15 - analyzer - INFO - Calculated pp percentiles for 1341 courses
2025-12-14 20:50:15 - analyzer - INFO - Calculated avgp percentiles for 1117 courses
2025-12-14 20:50:15 - analyzer - INFO - Calculated qualityscore percentiles for 1197 courses
2025-12-14 20:50:15 - analyzer - INFO - Calculated workload percentiles for 1197 courses
2025-12-14 20:50:15 - analyzer - INFO - Calculated lazyscore percentiles for 1177 courses
2025-12-14 20:50:15 - analyzer - INFO - Final dataset contains 1417 courses with data
2025-12-14 20:50:15 - analyzer - INFO - Wrote extension data to extension/db/data.js
2025-12-14 20:50:15 - analyzer - INFO - Wrote formatted data to data.json
2025-12-14 20:50:16 - analyzer - INFO - Generated extension/db.html
2025-12-14 20:50:16 - analyzer - INFO - Generated extension/js/init_table.js
2025-12-14 20:50:16 - analyzer - INFO - Analysis complete!
