2025-12-14 08:36:25 - scraper - INFO - Loaded 1491 course numbers from coursenumbers.txt
2025-12-14 08:36:25 - scraper - ERROR - secret.txt not found. Run auth.py first.
2025-12-14 21:04:07 - scraper - WARNING - Invalid year format: abc
2025-12-14 21:04:07 - scraper - WARNING - Invalid year format: 
2025-12-14 21:04:07 - scraper - ERROR - No session available. Initialize session first.
2025-12-14 21:04:07 - scraper - WARNING - HTTP 404 for http://example.com
2025-12-14 21:04:07 - scraper - WARNING - Timeout fetching http://example.com
2025-12-14 21:04:07 - scraper - WARNING - Connection error for http://example.com: 
2025-12-14 21:04:07 - scraper - ERROR - coursenumbers.txt not found. Run getCourseNumbers.py first.
2025-12-14 21:05:41 - scraper - WARNING - Invalid year format: abc
2025-12-14 21:05:41 - scraper - WARNING - Invalid year format: 
2025-12-14 21:05:41 - scraper - ERROR - No session available. Initialize session first.
2025-12-14 21:05:41 - scraper - WARNING - HTTP 404 for http://example.com
2025-12-14 21:05:41 - scraper - WARNING - Timeout fetching http://example.com
2025-12-14 21:05:41 - scraper - WARNING - Connection error for http://example.com: 
2025-12-14 21:05:41 - scraper - ERROR - coursenumbers.txt not found. Run getCourseNumbers.py first.
2025-12-14 21:06:39 - scraper - WARNING - Invalid year format: abc
2025-12-14 21:06:39 - scraper - WARNING - Invalid year format: 
2025-12-14 21:06:39 - scraper - ERROR - No session available. Initialize session first.
2025-12-14 21:06:39 - scraper - WARNING - HTTP 404 for http://example.com
2025-12-14 21:06:39 - scraper - WARNING - Timeout fetching http://example.com
2025-12-14 21:06:39 - scraper - WARNING - Connection error for http://example.com: 
2025-12-14 21:06:39 - scraper - ERROR - coursenumbers.txt not found. Run getCourseNumbers.py first.
2025-12-14 21:07:09 - scraper - WARNING - Invalid year format: abc
2025-12-14 21:07:09 - scraper - WARNING - Invalid year format: 
2025-12-14 21:07:09 - scraper - ERROR - No session available. Initialize session first.
2025-12-14 21:07:09 - scraper - WARNING - HTTP 404 for http://example.com
2025-12-14 21:07:09 - scraper - WARNING - Timeout fetching http://example.com
2025-12-14 21:07:09 - scraper - WARNING - Connection error for http://example.com: 
2025-12-14 21:07:09 - scraper - ERROR - coursenumbers.txt not found. Run getCourseNumbers.py first.
2025-12-14 21:10:08 - scraper - WARNING - Invalid year format: abc
2025-12-14 21:10:08 - scraper - WARNING - Invalid year format: 
2025-12-14 21:10:08 - scraper - ERROR - No session available. Initialize session first.
2025-12-14 21:10:08 - scraper - WARNING - HTTP 404 for http://example.com
2025-12-14 21:10:08 - scraper - WARNING - Timeout fetching http://example.com
2025-12-14 21:10:08 - scraper - WARNING - Connection error for http://example.com: 
2025-12-14 21:10:08 - scraper - ERROR - coursenumbers.txt not found. Run getCourseNumbers.py first.
